Build started 12/24/2014 11:28:20 PM.
     1>Project "C:\Users\jamis\Desktop\my_root\Development\VS Projects\hello_opengl\hello_opengl\hello_opengl.vcxproj" on node 2 (Build target(s)).
     1>ClCompile:
         C:\Program Files (x86)\Microsoft Visual Studio 12.0\VC\bin\CL.exe /c /IC:\Users\jamis\Desktop\my_root\Development\all_libraries\glm /IC:\Users\jamis\Desktop\my_root\Development\all_libraries\GLFW\include /I"C:\Users\jamis\Desktop\my_root\Development\all_libraries\glew-1.11.0\include" /ZI /nologo /W3 /WX- /sdl /Od /Oy- /D _MBCS /Gm /EHsc /RTC1 /MDd /GS /fp:precise /Zc:wchar_t /Zc:forScope /Fo"Debug\\" /Fd"Debug\vc120.pdb" /Gd /TP /analyze- /errorReport:prompt main.cpp
         main.cpp
       Link:
         C:\Program Files (x86)\Microsoft Visual Studio 12.0\VC\bin\link.exe /ERRORREPORT:PROMPT /OUT:"C:\Users\jamis\Desktop\my_root\Development\VS Projects\hello_opengl\Debug\hello_opengl.exe" /INCREMENTAL /NOLOGO kernel32.lib user32.lib gdi32.lib winspool.lib comdlg32.lib advapi32.lib shell32.lib ole32.lib oleaut32.lib uuid.lib odbc32.lib odbccp32.lib /MANIFEST /MANIFESTUAC:"level='asInvoker' uiAccess='false'" /manifest:embed /DEBUG /PDB:"C:\Users\jamis\Desktop\my_root\Development\VS Projects\hello_opengl\Debug\hello_opengl.pdb" /TLBID:1 /DYNAMICBASE /NXCOMPAT /IMPLIB:"C:\Users\jamis\Desktop\my_root\Development\VS Projects\hello_opengl\Debug\hello_opengl.lib" /MACHINE:X86 Debug\main.obj
     1>main.obj : error LNK2019: unresolved external symbol __imp__glewInit@0 referenced in function _main
     1>main.obj : error LNK2019: unresolved external symbol _glfwInit referenced in function _main
     1>main.obj : error LNK2019: unresolved external symbol _glfwTerminate referenced in function _main
     1>main.obj : error LNK2019: unresolved external symbol _glfwSetErrorCallback referenced in function _main
     1>main.obj : error LNK2019: unresolved external symbol _glfwWindowHint referenced in function _main
     1>main.obj : error LNK2019: unresolved external symbol _glfwCreateWindow referenced in function _main
     1>main.obj : error LNK2019: unresolved external symbol _glfwDestroyWindow referenced in function _main
     1>main.obj : error LNK2019: unresolved external symbol _glfwWindowShouldClose referenced in function _main
     1>main.obj : error LNK2019: unresolved external symbol _glfwSetWindowShouldClose referenced in function "void __cdecl key_callback(struct GLFWwindow *,int,int,int,int)" (?key_callback@@YAXPAUGLFWwindow@@HHHH@Z)
     1>main.obj : error LNK2019: unresolved external symbol _glfwPollEvents referenced in function _main
     1>main.obj : error LNK2019: unresolved external symbol _glfwSetKeyCallback referenced in function _main
     1>main.obj : error LNK2019: unresolved external symbol _glfwMakeContextCurrent referenced in function _main
     1>main.obj : error LNK2019: unresolved external symbol _glfwSwapBuffers referenced in function _main
     1>main.obj : error LNK2001: unresolved external symbol __imp__glewExperimental
     1>C:\Users\jamis\Desktop\my_root\Development\VS Projects\hello_opengl\Debug\hello_opengl.exe : fatal error LNK1120: 14 unresolved externals
     1>Done Building Project "C:\Users\jamis\Desktop\my_root\Development\VS Projects\hello_opengl\hello_opengl\hello_opengl.vcxproj" (Build target(s)) -- FAILED.

Build FAILED.

Time Elapsed 00:00:00.46
